{
  "timestamp": "2024-07-10T17:58:55.000Z",
  "signature": "2G7JYK4yDBew6tMXE3L2fn7LjYYdfeLcBQKkmDPHxt3HmJcGfzk453TGYdxUdEmmCxUQzsusNoF65Q4uyP7UwZve",
  "type": "SWAP",
  "fee": 45002,
  "slot": 276798864,
  "instructions": [
    {
      "programId": "ComputeBudget111111111111111111111111111111",
      "data": "JXmPj5",
      "accounts": []
    },
    {
      "programId": "ComputeBudget111111111111111111111111111111",
      "data": "3KL48gNQ7eJs",
      "accounts": []
    },
    {
      "programId": "ATokenGPvbdGVxr1b2hvZbsiqW5xWH25efTNsLJA8knL",
      "data": "2",
      "accounts": [
        "F3zkxsMwSRrF42kcH2qQAf2NSorBQhEGukLGyMAdz85b",
        "2Yb1zBbYXS5M4WuXiwF122gtprXAZyEjFcHPkt7f1sRc",
        "F3zkxsMwSRrF42kcH2qQAf2NSorBQhEGukLGyMAdz85b",
        "So11111111111111111111111111111111111111112",
        "11111111111111111111111111111111",
        "TokenkegQfeZyiNwAJbNbGKPFXCWuBvf9Ss623VQ5DA"
      ]
    },
    {
      "programId": "11111111111111111111111111111111",
      "data": "3Bxs47TyAYptJr3q",
      "accounts": [
        "F3zkxsMwSRrF42kcH2qQAf2NSorBQhEGukLGyMAdz85b",
        "2Yb1zBbYXS5M4WuXiwF122gtprXAZyEjFcHPkt7f1sRc"
      ]
    },
    {
      "programId": "TokenkegQfeZyiNwAJbNbGKPFXCWuBvf9Ss623VQ5DA",
      "data": "J",
      "accounts": [
        "2Yb1zBbYXS5M4WuXiwF122gtprXAZyEjFcHPkt7f1sRc"
      ]
    },
    {
      "programId": "JUP6LkbZbjS1jKKwapdHNy74zcZ3tLUZoi5QNyVTaV4",
      "data": "PrpFmsY4d26dKbdKMAXs4nmZ7rtKzTnakXAsDa865jGxXPuZ",
      "accounts": [
        "TokenkegQfeZyiNwAJbNbGKPFXCWuBvf9Ss623VQ5DA",
        "F3zkxsMwSRrF42kcH2qQAf2NSorBQhEGukLGyMAdz85b",
        "2Yb1zBbYXS5M4WuXiwF122gtprXAZyEjFcHPkt7f1sRc",
        "9QBAQcujW9oAPvB44zKYpa4p7PKujtWZCewAPoi3iuuw",
        "JUP6LkbZbjS1jKKwapdHNy74zcZ3tLUZoi5QNyVTaV4",
        "9c1xHfavkqNZXJpo6fU5jcjHKFjfBLCFCjrvZ4SVoqqw",
        "JUP6LkbZbjS1jKKwapdHNy74zcZ3tLUZoi5QNyVTaV4",
        "D8cy77BBepLMngZx6ZukaTff5hCt1HrWyKk3Hnd9oitf",
        "JUP6LkbZbjS1jKKwapdHNy74zcZ3tLUZoi5QNyVTaV4",
        "675kPX9MHTjS2zt1qfr1NYHuzeLXfQM9H24wFSUt1Mp8",
        "TokenkegQfeZyiNwAJbNbGKPFXCWuBvf9Ss623VQ5DA",
        "FycFjzbDXJHaPLY7SAcZagY1GjTB5bboQoQ6yE9VNDmF",
        "5Q544fKrFoe6tsEbD7S8EmxGTJYAKtTVhAW5Q5pge4j1",
        "FycFjzbDXJHaPLY7SAcZagY1GjTB5bboQoQ6yE9VNDmF",
        "557UuSSosEJLtDqWwQPNogXbZANmEjD2Hk1n8TD8xxgS",
        "HFtTfR1S1n2rb4fncb85CMq9iG9Up64zpxTHpQXdKs7s",
        "FycFjzbDXJHaPLY7SAcZagY1GjTB5bboQoQ6yE9VNDmF",
        "FycFjzbDXJHaPLY7SAcZagY1GjTB5bboQoQ6yE9VNDmF",
        "FycFjzbDXJHaPLY7SAcZagY1GjTB5bboQoQ6yE9VNDmF",
        "FycFjzbDXJHaPLY7SAcZagY1GjTB5bboQoQ6yE9VNDmF",
        "FycFjzbDXJHaPLY7SAcZagY1GjTB5bboQoQ6yE9VNDmF",
        "FycFjzbDXJHaPLY7SAcZagY1GjTB5bboQoQ6yE9VNDmF",
        "FycFjzbDXJHaPLY7SAcZagY1GjTB5bboQoQ6yE9VNDmF",
        "FycFjzbDXJHaPLY7SAcZagY1GjTB5bboQoQ6yE9VNDmF",
        "2Yb1zBbYXS5M4WuXiwF122gtprXAZyEjFcHPkt7f1sRc",
        "9QBAQcujW9oAPvB44zKYpa4p7PKujtWZCewAPoi3iuuw",
        "F3zkxsMwSRrF42kcH2qQAf2NSorBQhEGukLGyMAdz85b"
      ]
    },
    {
      "programId": "TokenkegQfeZyiNwAJbNbGKPFXCWuBvf9Ss623VQ5DA",
      "data": "A",
      "accounts": [
        "2Yb1zBbYXS5M4WuXiwF122gtprXAZyEjFcHPkt7f1sRc",
        "F3zkxsMwSRrF42kcH2qQAf2NSorBQhEGukLGyMAdz85b",
        "F3zkxsMwSRrF42kcH2qQAf2NSorBQhEGukLGyMAdz85b"
      ]
    }
  ],
  "tokenTransfers": [
    {
      "fromTokenAccount": "2Yb1zBbYXS5M4WuXiwF122gtprXAZyEjFcHPkt7f1sRc",
      "toTokenAccount": "HFtTfR1S1n2rb4fncb85CMq9iG9Up64zpxTHpQXdKs7s",
      "fromUserAccount": "F3zkxsMwSRrF42kcH2qQAf2NSorBQhEGukLGyMAdz85b",
      "toUserAccount": "5Q544fKrFoe6tsEbD7S8EmxGTJYAKtTVhAW5Q5pge4j1",
      "tokenAmount": 4.511203879,
      "mint": "So11111111111111111111111111111111111111112",
      "tokenStandard": "Fungible"
    },
    {
      "fromTokenAccount": "557UuSSosEJLtDqWwQPNogXbZANmEjD2Hk1n8TD8xxgS",
      "toTokenAccount": "9QBAQcujW9oAPvB44zKYpa4p7PKujtWZCewAPoi3iuuw",
      "fromUserAccount": "5Q544fKrFoe6tsEbD7S8EmxGTJYAKtTVhAW5Q5pge4j1",
      "toUserAccount": "F3zkxsMwSRrF42kcH2qQAf2NSorBQhEGukLGyMAdz85b",
      "tokenAmount": 54313.474915,
      "mint": "9c1xHfavkqNZXJpo6fU5jcjHKFjfBLCFCjrvZ4SVoqqw",
      "tokenStandard": "Fungible"
    }
  ],
  "nativeTransfers": [
    {
      "fromUserAccount": "F3zkxsMwSRrF42kcH2qQAf2NSorBQhEGukLGyMAdz85b",
      "toUserAccount": "2Yb1zBbYXS5M4WuXiwF122gtprXAZyEjFcHPkt7f1sRc",
      "amount": 4511203879
    },
    {
      "fromUserAccount": "F3zkxsMwSRrF42kcH2qQAf2NSorBQhEGukLGyMAdz85b",
      "toUserAccount": "2Yb1zBbYXS5M4WuXiwF122gtprXAZyEjFcHPkt7f1sRc",
      "amount": 2039280
    },
    {
      "fromUserAccount": "2Yb1zBbYXS5M4WuXiwF122gtprXAZyEjFcHPkt7f1sRc",
      "toUserAccount": "F3zkxsMwSRrF42kcH2qQAf2NSorBQhEGukLGyMAdz85b",
      "amount": 2039280
    }
  ],
  "events": {
    "swap": {
      "nativeInput": {
        "account": "F3zkxsMwSRrF42kcH2qQAf2NSorBQhEGukLGyMAdz85b",
        "amount": "4511203879"
      },
      "nativeOutput": null,
      "tokenInputs": [],
      "tokenOutputs": [
        {
          "userAccount": "F3zkxsMwSRrF42kcH2qQAf2NSorBQhEGukLGyMAdz85b",
          "tokenAccount": "9QBAQcujW9oAPvB44zKYpa4p7PKujtWZCewAPoi3iuuw",
          "rawTokenAmount": {
            "tokenAmount": "54313474915",
            "decimals": 6
          },
          "mint": "9c1xHfavkqNZXJpo6fU5jcjHKFjfBLCFCjrvZ4SVoqqw"
        }
      ],
      "nativeFees": [],
      "tokenFees": [],
      "innerSwaps": [
        {
          "tokenInputs": [
            {
              "fromTokenAccount": "2Yb1zBbYXS5M4WuXiwF122gtprXAZyEjFcHPkt7f1sRc",
              "toTokenAccount": "HFtTfR1S1n2rb4fncb85CMq9iG9Up64zpxTHpQXdKs7s",
              "fromUserAccount": "F3zkxsMwSRrF42kcH2qQAf2NSorBQhEGukLGyMAdz85b",
              "toUserAccount": "5Q544fKrFoe6tsEbD7S8EmxGTJYAKtTVhAW5Q5pge4j1",
              "tokenAmount": 4.511203879,
              "mint": "So11111111111111111111111111111111111111112",
              "tokenStandard": "Fungible"
            }
          ],
          "tokenOutputs": [
            {
              "fromTokenAccount": "557UuSSosEJLtDqWwQPNogXbZANmEjD2Hk1n8TD8xxgS",
              "toTokenAccount": "9QBAQcujW9oAPvB44zKYpa4p7PKujtWZCewAPoi3iuuw",
              "fromUserAccount": "5Q544fKrFoe6tsEbD7S8EmxGTJYAKtTVhAW5Q5pge4j1",
              "toUserAccount": "F3zkxsMwSRrF42kcH2qQAf2NSorBQhEGukLGyMAdz85b",
              "tokenAmount": 54313.474915,
              "mint": "9c1xHfavkqNZXJpo6fU5jcjHKFjfBLCFCjrvZ4SVoqqw",
              "tokenStandard": "Fungible"
            }
          ],
          "tokenFees": [],
          "nativeFees": [],
          "programInfo": {
            "source": "RAYDIUM",
            "account": "675kPX9MHTjS2zt1qfr1NYHuzeLXfQM9H24wFSUt1Mp8",
            "programName": "RAYDIUM_LIQUIDITY_POOL_V4",
            "instructionName": "SwapEvent"
          }
        }
      ]
    }
  }
}

